Buildfile: /mnt/d/code/simple-db-hw-2022/build.xml

compile:
    [mkdir] Created dir: /mnt/d/code/simple-db-hw-2022/bin/src
    [javac] Compiling 85 source files to /mnt/d/code/simple-db-hw-2022/bin/src
    [javac] Note: Some input files use or override a deprecated API.
    [javac] Note: Recompile with -Xlint:deprecation for details.

testcompile:
    [mkdir] Created dir: /mnt/d/code/simple-db-hw-2022/bin/test
    [javac] Compiling 59 source files to /mnt/d/code/simple-db-hw-2022/bin/test
    [javac] Note: Some input files use or override a deprecated API.
    [javac] Note: Recompile with -Xlint:deprecation for details.

test:
    [junit] Running simpledb.AggregateTest
    [junit] Testsuite: simpledb.AggregateTest
    [junit] Tests run: 8, Failures: 0, Errors: 0, Skipped: 0, Time elapsed: 0.035 sec
    [junit] Tests run: 8, Failures: 0, Errors: 0, Skipped: 0, Time elapsed: 0.035 sec
    [junit] 
    [junit] Testcase: getTupleDesc took 0.021 sec
    [junit] Testcase: maxAggregate took 0.001 sec
    [junit] Testcase: rewind took 0 sec
    [junit] Testcase: minAggregate took 0.001 sec
    [junit] Testcase: sumStringGroupBy took 0 sec
    [junit] Testcase: sumAggregate took 0 sec
    [junit] Testcase: countStringAggregate took 0.001 sec
    [junit] Testcase: avgAggregate took 0 sec
    [junit] Running simpledb.BTreeDeadlockTest
    [junit] Testsuite: simpledb.BTreeDeadlockTest
    [junit] Tests run: 1, Failures: 0, Errors: 0, Skipped: 0, Time elapsed: 2.11 sec
    [junit] Tests run: 1, Failures: 0, Errors: 0, Skipped: 0, Time elapsed: 2.11 sec
    [junit] ------------- Standard Output ---------------
    [junit] testReadWriteDeadlock constructing deadlock:
    [junit] testReadWriteDeadlock resolved deadlock
    [junit] ------------- ---------------- ---------------
    [junit] ------------- Standard Error -----------------
    [junit] simpledb.transaction.TransactionAbortedException: 2:8686344d-8d7f-4c93-a2c4-7c8999fb738a:505
    [junit] 	at simpledb.storage.BufferPool.getPage(BufferPool.java:94)
    [junit] 	at simpledb.index.BTreeFile.getPage(BTreeFile.java:473)
    [junit] 	at simpledb.index.BTreeFile.getParentWithEmptySlots(BTreeFile.java:390)
    [junit] 	at simpledb.index.BTreeFile.splitLeafPage(BTreeFile.java:270)
    [junit] 	at simpledb.index.BTreeFile.insertTuple(BTreeFile.java:509)
    [junit] 	at simpledb.storage.BufferPool.insertTuple(BufferPool.java:217)
    [junit] 	at simpledb.index.BTreeUtility$BTreeWriter.run(BTreeUtility.java:535)
    [junit] simpledb.transaction.TransactionAbortedException: 3:8686344d-8d7f-4c93-a2c4-7c8999fb738a:0
    [junit] 	at simpledb.storage.BufferPool.getPage(BufferPool.java:94)
    [junit] 	at simpledb.index.BTreeFile.getPage(BTreeFile.java:473)
    [junit] 	at simpledb.index.BTreeFile.getParentWithEmptySlots(BTreeFile.java:380)
    [junit] 	at simpledb.index.BTreeFile.splitInternalPage(BTreeFile.java:345)
    [junit] 	at simpledb.index.BTreeFile.getParentWithEmptySlots(BTreeFile.java:396)
    [junit] 	at simpledb.index.BTreeFile.splitLeafPage(BTreeFile.java:270)
    [junit] 	at simpledb.index.BTreeFile.insertTuple(BTreeFile.java:509)
    [junit] 	at simpledb.storage.BufferPool.insertTuple(BufferPool.java:217)
    [junit] 	at simpledb.index.BTreeUtility$BTreeWriter.run(BTreeUtility.java:535)
    [junit] ------------- ---------------- ---------------
    [junit] 
    [junit] Testcase: testReadWriteDeadlock took 2.103 sec
    [junit] Running simpledb.BTreeFileDeleteTest
    [junit] Testsuite: simpledb.BTreeFileDeleteTest
    [junit] Tests run: 7, Failures: 0, Errors: 0, Skipped: 0, Time elapsed: 0.262 sec
    [junit] Tests run: 7, Failures: 0, Errors: 0, Skipped: 0, Time elapsed: 0.262 sec
    [junit] 
    [junit] Testcase: deleteTuple took 0.052 sec
    [junit] Testcase: testStealFromLeftInternalPage took 0.054 sec
    [junit] Testcase: testStealFromRightLeafPage took 0.012 sec
    [junit] Testcase: testStealFromRightInternalPage took 0.039 sec
    [junit] Testcase: testStealFromLeftLeafPage took 0.01 sec
    [junit] Testcase: testMergeLeafPages took 0.008 sec
    [junit] Testcase: testMergeInternalPages took 0.08 sec
    [junit] Running simpledb.BTreeFileInsertTest
    [junit] Testsuite: simpledb.BTreeFileInsertTest
    [junit] Tests run: 3, Failures: 0, Errors: 0, Skipped: 0, Time elapsed: 0.146 sec
    [junit] Tests run: 3, Failures: 0, Errors: 0, Skipped: 0, Time elapsed: 0.146 sec
    [junit] 
    [junit] Testcase: testReusePage took 0.049 sec
    [junit] Testcase: testSplitInternalPages took 0.082 sec
    [junit] Testcase: testSplitLeafPages took 0.006 sec
    [junit] Running simpledb.BTreeFileReadTest
    [junit] Testsuite: simpledb.BTreeFileReadTest
    [junit] Tests run: 7, Failures: 0, Errors: 0, Skipped: 0, Time elapsed: 0.124 sec
    [junit] Tests run: 7, Failures: 0, Errors: 0, Skipped: 0, Time elapsed: 0.124 sec
    [junit] 
    [junit] Testcase: getTupleDesc took 0.043 sec
    [junit] Testcase: numPages took 0.006 sec
    [junit] Testcase: readPage took 0.006 sec
    [junit] Testcase: getId took 0.008 sec
    [junit] Testcase: testIteratorBasic took 0.01 sec
    [junit] Testcase: testIteratorClose took 0.019 sec
    [junit] Testcase: indexIterator took 0.019 sec
    [junit] Running simpledb.BTreeHeaderPageTest
    [junit] Testsuite: simpledb.BTreeHeaderPageTest
    [junit] Tests run: 10, Failures: 0, Errors: 0, Skipped: 0, Time elapsed: 0.039 sec
    [junit] Tests run: 10, Failures: 0, Errors: 0, Skipped: 0, Time elapsed: 0.039 sec
    [junit] 
    [junit] Testcase: numSlots took 0.018 sec
    [junit] Testcase: getNextPageId took 0.002 sec
    [junit] Testcase: getEmptySlot took 0.001 sec
    [junit] Testcase: getPageData took 0.003 sec
    [junit] Testcase: testDirty took 0.001 sec
    [junit] Testcase: getPrevPageId took 0.001 sec
    [junit] Testcase: setNextPageId took 0.001 sec
    [junit] Testcase: setPrevPageId took 0 sec
    [junit] Testcase: getSlot took 0.002 sec
    [junit] Testcase: getId took 0 sec
    [junit] Running simpledb.BTreeInternalPageTest
    [junit] Testsuite: simpledb.BTreeInternalPageTest
    [junit] Tests run: 11, Failures: 0, Errors: 0, Skipped: 0, Time elapsed: 0.094 sec
    [junit] Tests run: 11, Failures: 0, Errors: 0, Skipped: 0, Time elapsed: 0.094 sec
    [junit] 
    [junit] Testcase: addEntry took 0.07 sec
    [junit] Testcase: testDirty took 0.001 sec
    [junit] Testcase: deleteEntry took 0.001 sec
    [junit] Testcase: setParentId took 0 sec
    [junit] Testcase: getParentId took 0.002 sec
    [junit] Testcase: testReverseIterator took 0.002 sec
    [junit] Testcase: getSlot took 0 sec
    [junit] Testcase: getId took 0 sec
    [junit] Testcase: deleteNonexistentEntry took 0.001 sec
    [junit] Testcase: getNumEmptySlots took 0.001 sec
    [junit] Testcase: testIterator took 0.001 sec
    [junit] Running simpledb.BTreeLeafPageTest
    [junit] Testsuite: simpledb.BTreeLeafPageTest
    [junit] Tests run: 14, Failures: 0, Errors: 0, Skipped: 0, Time elapsed: 0.078 sec
    [junit] Tests run: 14, Failures: 0, Errors: 0, Skipped: 0, Time elapsed: 0.078 sec
    [junit] 
    [junit] Testcase: setLeftSiblingId took 0.027 sec
    [junit] Testcase: addTuple took 0.032 sec
    [junit] Testcase: testDirty took 0.001 sec
    [junit] Testcase: deleteTuple took 0.001 sec
    [junit] Testcase: setParentId took 0.001 sec
    [junit] Testcase: getParentId took 0.001 sec
    [junit] Testcase: getSlot took 0.001 sec
    [junit] Testcase: getId took 0.001 sec
    [junit] Testcase: setRightSiblingId took 0.001 sec
    [junit] Testcase: getLeftSiblingId took 0 sec
    [junit] Testcase: deleteNonexistentTuple took 0 sec
    [junit] Testcase: getRightSiblingId took 0 sec
    [junit] Testcase: getNumEmptySlots took 0.001 sec
    [junit] Testcase: testIterator took 0.001 sec
    [junit] Running simpledb.BTreeNextKeyLockingTest
    [junit] Testsuite: simpledb.BTreeNextKeyLockingTest
    [junit] Tests run: 2, Failures: 0, Errors: 0, Skipped: 0, Time elapsed: 0.976 sec
    [junit] Tests run: 2, Failures: 0, Errors: 0, Skipped: 0, Time elapsed: 0.976 sec
    [junit] 
    [junit] Testcase: nextKeyLockingTestLessThan took 0.558 sec
    [junit] Testcase: nextKeyLockingTestGreaterThan took 0.41 sec
    [junit] Running simpledb.BTreePageIdTest
    [junit] Testsuite: simpledb.BTreePageIdTest
    [junit] Tests run: 4, Failures: 0, Errors: 0, Skipped: 0, Time elapsed: 0.019 sec
    [junit] Tests run: 4, Failures: 0, Errors: 0, Skipped: 0, Time elapsed: 0.019 sec
    [junit] 
    [junit] Testcase: equals took 0.01 sec
    [junit] Testcase: pageno took 0 sec
    [junit] Testcase: getTableId took 0 sec
    [junit] Testcase: testHashCode took 0 sec
    [junit] Running simpledb.BTreeRootPtrPageTest
    [junit] Testsuite: simpledb.BTreeRootPtrPageTest
    [junit] Tests run: 6, Failures: 0, Errors: 0, Skipped: 0, Time elapsed: 0.031 sec
    [junit] Tests run: 6, Failures: 0, Errors: 0, Skipped: 0, Time elapsed: 0.031 sec
    [junit] 
    [junit] Testcase: testDirty took 0.021 sec
    [junit] Testcase: getId took 0 sec
    [junit] Testcase: setRootId took 0 sec
    [junit] Testcase: getRootId took 0.001 sec
    [junit] Testcase: setHeaderId took 0 sec
    [junit] Testcase: getHeaderId took 0 sec
    [junit] Running simpledb.BufferPoolWriteTest
    [junit] Testsuite: simpledb.BufferPoolWriteTest
    [junit] Tests run: 3, Failures: 0, Errors: 0, Skipped: 0, Time elapsed: 0.134 sec
    [junit] Tests run: 3, Failures: 0, Errors: 0, Skipped: 0, Time elapsed: 0.134 sec
    [junit] 
    [junit] Testcase: deleteTuple took 0.09 sec
    [junit] Testcase: insertTuple took 0.019 sec
    [junit] Testcase: handleManyDirtyPages took 0.017 sec
    [junit] Running simpledb.CatalogTest
    [junit] Testsuite: simpledb.CatalogTest
    [junit] Tests run: 5, Failures: 0, Errors: 0, Skipped: 0, Time elapsed: 0.02 sec
    [junit] Tests run: 5, Failures: 0, Errors: 0, Skipped: 0, Time elapsed: 0.02 sec
    [junit] 
    [junit] Testcase: getTupleDesc took 0.011 sec
    [junit] Testcase: getTableId took 0 sec
    [junit] Testcase: handleDuplicateIds took 0 sec
    [junit] Testcase: getDatabaseFile took 0 sec
    [junit] Testcase: handleDuplicateNames took 0.001 sec
    [junit] Running simpledb.DeadlockTest
    [junit] Testsuite: simpledb.DeadlockTest
    [junit] Tests run: 3, Failures: 0, Errors: 0, Skipped: 0, Time elapsed: 1.13 sec
    [junit] Tests run: 3, Failures: 0, Errors: 0, Skipped: 0, Time elapsed: 1.13 sec
    [junit] ------------- Standard Output ---------------
    [junit] testReadWriteDeadlock constructing deadlock:
    [junit] testReadWriteDeadlock resolved deadlock
    [junit] testUpgradeWriteDeadlock constructing deadlock:
    [junit] testUpgradeWriteDeadlock resolved deadlock
    [junit] testWriteWriteDeadlock constructing deadlock:
    [junit] testWriteWriteDeadlock resolved deadlock
    [junit] ------------- ---------------- ---------------
    [junit] ------------- Standard Error -----------------
    [junit] simpledb.transaction.TransactionAbortedException: 4:2f6ca579-b0eb-4b26-8f62-62c8cfefa5aa:0
    [junit] 	at simpledb.storage.BufferPool.getPage(BufferPool.java:94)
    [junit] 	at simpledb.TestUtil$LockGrabber.run(TestUtil.java:338)
    [junit] ------------- ---------------- ---------------
    [junit] 
    [junit] Testcase: testReadWriteDeadlock took 0.276 sec
    [junit] Testcase: testUpgradeWriteDeadlock took 0.607 sec
    [junit] Testcase: testWriteWriteDeadlock took 0.237 sec
    [junit] Running simpledb.EnumerateTest
    [junit] Testsuite: simpledb.EnumerateTest
    [junit] Tests run: 1, Failures: 0, Errors: 0, Skipped: 0, Time elapsed: 1.176 sec
    [junit] Tests run: 1, Failures: 0, Errors: 0, Skipped: 0, Time elapsed: 1.176 sec
    [junit] ------------- Standard Output ---------------
    [junit] 921
    [junit] 154
    [junit] ------------- ---------------- ---------------
    [junit] 
    [junit] Testcase: testEquals took 1.17 sec
    [junit] Running simpledb.FilterTest
    [junit] Testsuite: simpledb.FilterTest
    [junit] Tests run: 6, Failures: 0, Errors: 0, Skipped: 0, Time elapsed: 0.021 sec
    [junit] Tests run: 6, Failures: 0, Errors: 0, Skipped: 0, Time elapsed: 0.021 sec
    [junit] 
    [junit] Testcase: getTupleDesc took 0.009 sec
    [junit] Testcase: filterSomeLessThan took 0.001 sec
    [junit] Testcase: rewind took 0.001 sec
    [junit] Testcase: filterEqual took 0 sec
    [junit] Testcase: filterEqualNoTuples took 0 sec
    [junit] Testcase: filterAllLessThan took 0 sec
    [junit] Running simpledb.HeapFileReadTest
    [junit] Testsuite: simpledb.HeapFileReadTest
    [junit] Tests run: 6, Failures: 0, Errors: 0, Skipped: 0, Time elapsed: 0.065 sec
    [junit] Tests run: 6, Failures: 0, Errors: 0, Skipped: 0, Time elapsed: 0.065 sec
    [junit] 
    [junit] Testcase: getTupleDesc took 0.026 sec
    [junit] Testcase: numPages took 0.002 sec
    [junit] Testcase: readPage took 0.006 sec
    [junit] Testcase: getId took 0.004 sec
    [junit] Testcase: testIteratorBasic took 0.01 sec
    [junit] Testcase: testIteratorClose took 0.008 sec
    [junit] Running simpledb.HeapFileWriteTest
    [junit] Testsuite: simpledb.HeapFileWriteTest
    [junit] Tests run: 2, Failures: 0, Errors: 0, Skipped: 0, Time elapsed: 0.078 sec
    [junit] Tests run: 2, Failures: 0, Errors: 0, Skipped: 0, Time elapsed: 0.078 sec
    [junit] 
    [junit] Testcase: addTuple took 0.055 sec
    [junit] Testcase: testAlternateEmptyAndFullPagesThenIterate took 0.015 sec
    [junit] Running simpledb.HeapPageIdTest
    [junit] Testsuite: simpledb.HeapPageIdTest
    [junit] Tests run: 4, Failures: 0, Errors: 0, Skipped: 0, Time elapsed: 0.019 sec
    [junit] Tests run: 4, Failures: 0, Errors: 0, Skipped: 0, Time elapsed: 0.019 sec
    [junit] 
    [junit] Testcase: equals took 0.01 sec
    [junit] Testcase: pageno took 0 sec
    [junit] Testcase: getTableId took 0 sec
    [junit] Testcase: testHashCode took 0 sec
    [junit] Running simpledb.HeapPageReadTest
    [junit] Testsuite: simpledb.HeapPageReadTest
    [junit] Tests run: 4, Failures: 0, Errors: 0, Skipped: 0, Time elapsed: 0.025 sec
    [junit] Tests run: 4, Failures: 0, Errors: 0, Skipped: 0, Time elapsed: 0.025 sec
    [junit] 
    [junit] Testcase: getSlot took 0.014 sec
    [junit] Testcase: getId took 0 sec
    [junit] Testcase: getNumEmptySlots took 0 sec
    [junit] Testcase: testIterator took 0.002 sec
    [junit] Running simpledb.HeapPageWriteTest
    [junit] Testsuite: simpledb.HeapPageWriteTest
    [junit] Tests run: 4, Failures: 0, Errors: 0, Skipped: 0, Time elapsed: 0.058 sec
    [junit] Tests run: 4, Failures: 0, Errors: 0, Skipped: 0, Time elapsed: 0.058 sec
    [junit] 
    [junit] Testcase: addTuple took 0.048 sec
    [junit] Testcase: testDirty took 0.001 sec
    [junit] Testcase: deleteTuple took 0 sec
    [junit] Testcase: deleteNonexistentTuple took 0.001 sec
    [junit] Running simpledb.InsertTest
    [junit] Testsuite: simpledb.InsertTest
    [junit] Tests run: 2, Failures: 0, Errors: 0, Skipped: 0, Time elapsed: 0.041 sec
    [junit] Tests run: 2, Failures: 0, Errors: 0, Skipped: 0, Time elapsed: 0.041 sec
    [junit] 
    [junit] Testcase: getTupleDesc took 0.027 sec
    [junit] Testcase: getNext took 0.007 sec
    [junit] Running simpledb.IntHistogramTest
    [junit] Testsuite: simpledb.IntHistogramTest
    [junit] Tests run: 8, Failures: 0, Errors: 0, Skipped: 0, Time elapsed: 0.127 sec
    [junit] Tests run: 8, Failures: 0, Errors: 0, Skipped: 0, Time elapsed: 0.127 sec
    [junit] 
    [junit] Testcase: orderOfGrowthTest took 0.117 sec
    [junit] Testcase: opNotEqualsTest took 0 sec
    [junit] Testcase: opLessThanTest took 0 sec
    [junit] Testcase: negativeRangeTest took 0 sec
    [junit] Testcase: opEqualsTest took 0 sec
    [junit] Testcase: opLessThanOrEqualsTest took 0 sec
    [junit] Testcase: opGreaterThanOrEqualsTest took 0 sec
    [junit] Testcase: opGreaterThanTest took 0 sec
    [junit] Running simpledb.IntegerAggregatorTest
    [junit] Testsuite: simpledb.IntegerAggregatorTest
    [junit] Tests run: 5, Failures: 0, Errors: 0, Skipped: 0, Time elapsed: 0.03 sec
    [junit] Tests run: 5, Failures: 0, Errors: 0, Skipped: 0, Time elapsed: 0.03 sec
    [junit] 
    [junit] Testcase: mergeAvg took 0.02 sec
    [junit] Testcase: mergeMax took 0.001 sec
    [junit] Testcase: mergeMin took 0 sec
    [junit] Testcase: mergeSum took 0.001 sec
    [junit] Testcase: testIterator took 0 sec
    [junit] Running simpledb.JoinOptimizerTest
    [junit] Testsuite: simpledb.JoinOptimizerTest
    [junit] Tests run: 5, Failures: 0, Errors: 0, Skipped: 0, Time elapsed: 0.939 sec
    [junit] Tests run: 5, Failures: 0, Errors: 0, Skipped: 0, Time elapsed: 0.939 sec
    [junit] ------------- Standard Output ---------------
    [junit] tableId1: 2137006911
    [junit] tableId2: -135647647
    [junit] Added scan of table t1
    [junit] Added scan of table t2
    [junit] Added join between t1.c8 and t2.c7
    [junit] Added select list field null.*
    [junit] tableId1: 1077036125
    [junit] tableId2: -1744605141
    [junit] Added scan of table a
    [junit] Added scan of table b
    [junit] Added scan of table c
    [junit] Added scan of table d
    [junit] Added scan of table e
    [junit] Added scan of table f
    [junit] Added scan of table g
    [junit] Added scan of table h
    [junit] Added scan of table i
    [junit] Added join between a.c1 and b.c1
    [junit] Added join between b.c0 and c.c0
    [junit] Added join between c.c1 and d.c1
    [junit] Added join between d.c0 and e.c0
    [junit] Added join between e.c1 and f.c1
    [junit] Added join between f.c0 and g.c0
    [junit] Added join between g.c1 and h.c1
    [junit] Added join between h.c0 and i.c0
    [junit] Aggregate field is a.c0, agg fun is : COUNT
    [junit] Added select list field a.c0
    [junit] 	 with aggregator COUNT
    [junit] tableId1: 1929526138
    [junit] tableId2: 1617394229
    [junit] Added scan of table emp
    [junit] Added scan of table dept
    [junit] Added scan of table hobbies
    [junit] Added scan of table hobby
    [junit] Added join between emp.c1 and dept.c0
    [junit] Added join between hobbies.c0 and emp.c2
    [junit] Added join between hobbies.c1 and hobby.c0
    [junit] Added select list field null.*
    [junit] tableId1: 235106608
    [junit] tableId2: 1257593019
    [junit] Added scan of table t1
    [junit] Added scan of table t2
    [junit] Added join between t1.c1 and t2.c2
    [junit] Added select list field null.*
    [junit] Added scan of table t1
    [junit] Added scan of table t2
    [junit] Added join between t1.c1 and t2.c2
    [junit] Added select list field null.*
    [junit] Added scan of table t1
    [junit] Added scan of table t2
    [junit] Added join between t1.c3 and t2.c4
    [junit] Added select list field null.*
    [junit] Added scan of table t1
    [junit] Added scan of table t2
    [junit] Added join between t1.c8 and t2.c7
    [junit] Added select list field null.*
    [junit] tableId1: 1648134664
    [junit] tableId2: -1263843355
    [junit] Added scan of table bigTable
    [junit] Added scan of table a
    [junit] Added scan of table b
    [junit] Added scan of table c
    [junit] Added scan of table d
    [junit] Added scan of table e
    [junit] Added scan of table f
    [junit] Added scan of table g
    [junit] Added scan of table h
    [junit] Added scan of table i
    [junit] Added scan of table j
    [junit] Added scan of table k
    [junit] Added scan of table l
    [junit] Added scan of table m
    [junit] Added scan of table n
    [junit] Added join between bigTable.c0 and n.c0
    [junit] Added join between a.c1 and b.c1
    [junit] Added join between b.c0 and c.c0
    [junit] Added join between c.c1 and d.c1
    [junit] Added join between d.c0 and e.c0
    [junit] Added join between e.c1 and f.c1
    [junit] Added join between f.c0 and g.c0
    [junit] Added join between g.c1 and h.c1
    [junit] Added join between h.c0 and i.c0
    [junit] Added join between i.c1 and j.c1
    [junit] Added join between j.c0 and k.c0
    [junit] Added join between k.c1 and l.c1
    [junit] Added join between l.c0 and m.c0
    [junit] Added join between m.c1 and n.c1
    [junit] Aggregate field is a.c0, agg fun is : COUNT
    [junit] Added select list field a.c0
    [junit] 	 with aggregator COUNT
    [junit] ------------- ---------------- ---------------
    [junit] 
    [junit] Testcase: estimateJoinCardinality took 0.191 sec
    [junit] Testcase: nonequalityOrderJoinsTest took 0.077 sec
    [junit] Testcase: orderJoinsTest took 0.362 sec
    [junit] Testcase: estimateJoinCostTest took 0.027 sec
    [junit] Testcase: bigOrderJoinsTest took 0.274 sec
    [junit] Running simpledb.JoinPredicateTest
    [junit] Testsuite: simpledb.JoinPredicateTest
    [junit] Tests run: 1, Failures: 0, Errors: 0, Skipped: 0, Time elapsed: 0.024 sec
    [junit] Tests run: 1, Failures: 0, Errors: 0, Skipped: 0, Time elapsed: 0.024 sec
    [junit] 
    [junit] Testcase: filterVaryingVals took 0.016 sec
    [junit] Running simpledb.JoinTest
    [junit] Testsuite: simpledb.JoinTest
    [junit] Tests run: 4, Failures: 0, Errors: 0, Skipped: 0, Time elapsed: 0.028 sec
    [junit] Tests run: 4, Failures: 0, Errors: 0, Skipped: 0, Time elapsed: 0.028 sec
    [junit] 
    [junit] Testcase: getTupleDesc took 0.017 sec
    [junit] Testcase: eqJoin took 0.001 sec
    [junit] Testcase: gtJoin took 0.001 sec
    [junit] Testcase: rewind took 0 sec
    [junit] Running simpledb.LockingTest
    [junit] Testsuite: simpledb.LockingTest
    [junit] Tests run: 9, Failures: 0, Errors: 0, Skipped: 0, Time elapsed: 1.129 sec
    [junit] Tests run: 9, Failures: 0, Errors: 0, Skipped: 0, Time elapsed: 1.129 sec
    [junit] 
    [junit] Testcase: acquireWriteReadLocksOnSamePage took 0.174 sec
    [junit] Testcase: acquireReadLocksOnTwoPages took 0.124 sec
    [junit] Testcase: acquireReadLocksOnSamePage took 0.127 sec
    [junit] Testcase: acquireReadWriteLocksOnTwoPages took 0.125 sec
    [junit] Testcase: lockUpgrade took 0.221 sec
    [junit] Testcase: acquireReadWriteLocksOnSamePage took 0.112 sec
    [junit] Testcase: acquireThenRelease took 0.014 sec
    [junit] Testcase: acquireWriteAndReadLocks took 0.112 sec
    [junit] Testcase: acquireWriteLocksOnTwoPages took 0.109 sec
    [junit] Running simpledb.PredicateTest
    [junit] Testsuite: simpledb.PredicateTest
    [junit] Tests run: 1, Failures: 0, Errors: 0, Skipped: 0, Time elapsed: 0.024 sec
    [junit] Tests run: 1, Failures: 0, Errors: 0, Skipped: 0, Time elapsed: 0.024 sec
    [junit] 
    [junit] Testcase: filter took 0.017 sec
    [junit] Running simpledb.RecordIdTest
    [junit] Testsuite: simpledb.RecordIdTest
    [junit] Tests run: 4, Failures: 0, Errors: 0, Skipped: 0, Time elapsed: 0.019 sec
    [junit] Tests run: 4, Failures: 0, Errors: 0, Skipped: 0, Time elapsed: 0.019 sec
    [junit] 
    [junit] Testcase: equals took 0.009 sec
    [junit] Testcase: tupleno took 0.001 sec
    [junit] Testcase: hCode took 0 sec
    [junit] Testcase: getPageId took 0 sec
    [junit] Running simpledb.StringAggregatorTest
    [junit] Testsuite: simpledb.StringAggregatorTest
    [junit] Tests run: 2, Failures: 0, Errors: 0, Skipped: 0, Time elapsed: 0.029 sec
    [junit] Tests run: 2, Failures: 0, Errors: 0, Skipped: 0, Time elapsed: 0.029 sec
    [junit] 
    [junit] Testcase: mergeCount took 0.02 sec
    [junit] Testcase: testIterator took 0.001 sec
    [junit] Running simpledb.TableStatsTest
    [junit] Testsuite: simpledb.TableStatsTest
    [junit] Tests run: 3, Failures: 0, Errors: 0, Skipped: 0, Time elapsed: 0.706 sec
    [junit] Tests run: 3, Failures: 0, Errors: 0, Skipped: 0, Time elapsed: 0.706 sec
    [junit] 
    [junit] Testcase: estimateScanCostTest took 0.553 sec
    [junit] Testcase: estimateTableCardinalityTest took 0.02 sec
    [junit] Testcase: estimateSelectivityTest took 0.126 sec
    [junit] Running simpledb.TransactionTest
    [junit] Testsuite: simpledb.TransactionTest
    [junit] Tests run: 3, Failures: 0, Errors: 0, Skipped: 0, Time elapsed: 0.106 sec
    [junit] Tests run: 3, Failures: 0, Errors: 0, Skipped: 0, Time elapsed: 0.106 sec
    [junit] 
    [junit] Testcase: commitTransaction took 0.066 sec
    [junit] Testcase: attemptTransactionTwice took 0.016 sec
    [junit] Testcase: abortTransaction took 0.015 sec
    [junit] Running simpledb.TupleDescTest
    [junit] Testsuite: simpledb.TupleDescTest
    [junit] Tests run: 6, Failures: 0, Errors: 0, Skipped: 0, Time elapsed: 0.041 sec
    [junit] Tests run: 6, Failures: 0, Errors: 0, Skipped: 0, Time elapsed: 0.041 sec
    [junit] 
    [junit] Testcase: getSize took 0.013 sec
    [junit] Testcase: getType took 0.001 sec
    [junit] Testcase: numFields took 0 sec
    [junit] Testcase: combine took 0.016 sec
    [junit] Testcase: testEquals took 0 sec
    [junit] Testcase: nameToId took 0.003 sec
    [junit] Running simpledb.TupleTest
    [junit] Testsuite: simpledb.TupleTest
    [junit] Tests run: 3, Failures: 0, Errors: 0, Skipped: 0, Time elapsed: 0.022 sec
    [junit] Tests run: 3, Failures: 0, Errors: 0, Skipped: 0, Time elapsed: 0.022 sec
    [junit] 
    [junit] Testcase: getTupleDesc took 0.013 sec
    [junit] Testcase: modifyRecordId took 0.001 sec
    [junit] Testcase: modifyFields took 0 sec

BUILD SUCCESSFUL
Total time: 19 seconds
